\BOOKMARK [0][]{chapter*.4}{Abbreviations}{}% 1
\BOOKMARK [0][]{chapter*.7}{Symbols}{}% 2
\BOOKMARK [0][]{chapter*.8}{Preface}{}% 3
\BOOKMARK [0][]{chapter.1}{Structural Ricardian comparative advantage for value-added trade}{}% 4
\BOOKMARK [1][]{section.1.1}{What for value-added exports and which indicator of value added exports ?}{chapter.1}% 5
\BOOKMARK [1][]{section.1.2}{Ricardian model}{chapter.1}% 6
\BOOKMARK [1][]{section.1.3}{Empirical predictions}{chapter.1}% 7
\BOOKMARK [1][]{section.1.4}{Generalization}{chapter.1}% 8
\BOOKMARK [1][]{section.1.5}{Estimation method}{chapter.1}% 9
\BOOKMARK [1][]{section.1.6}{Empirical results structural RCA}{chapter.1}% 10
\BOOKMARK [1][]{section.1.7}{Ranking of structural Ricardian comparative advantage}{chapter.1}% 11
\BOOKMARK [0][]{chapter.2}{Relative network centrality and structural Ricardian comparative advantage}{}% 12
\BOOKMARK [1][]{section.2.1}{International trade network}{chapter.2}% 13
\BOOKMARK [1][]{section.2.2}{Network centrality}{chapter.2}% 14
\BOOKMARK [1][]{section.2.3}{Network centrality and structural Ricardian comparative advantage}{chapter.2}% 15
\BOOKMARK [1][]{section.2.4}{Robustness}{chapter.2}% 16
\BOOKMARK [0][]{chapter.3}{Conclusion}{}% 17
\BOOKMARK [0][]{appendix.A}{Appendix}{}% 18
\BOOKMARK [1][]{section.A.1}{Decomposition of gross exports into value-added exports}{appendix.A}% 19
\BOOKMARK [1][]{section.A.2}{ISIC and ISO 3 Alpha Classification}{appendix.A}% 20
\BOOKMARK [1][]{section.A.3}{Data Appendix}{appendix.A}% 21
